<?xml version="1.0" encoding="UTF-8"?>
<testng-results ignored="0" total="2" passed="2" failed="0" skipped="0">
  <reporter-output>
  </reporter-output>
  <suite started-at="2024-04-03T07:48:33 IST" name="qafox Test suite" finished-at="2024-04-03T07:48:54 IST" duration-ms="20777">
    <groups>
      <group name="Master">
        <method signature="TC001_AccountRegistration.test_Account_Registration()[pri:0, instance:TestCases.TC001_AccountRegistration@1a451d4d]" name="test_Account_Registration" class="TestCases.TC001_AccountRegistration"/>
        <method signature="TC002_Login.test_login()[pri:0, instance:TestCases.TC002_Login@71809907]" name="test_login" class="TestCases.TC002_Login"/>
      </group> <!-- Master -->
      <group name="Sanity">
        <method signature="TC002_Login.test_login()[pri:0, instance:TestCases.TC002_Login@71809907]" name="test_login" class="TestCases.TC002_Login"/>
      </group> <!-- Sanity -->
      <group name="Regression">
        <method signature="TC001_AccountRegistration.test_Account_Registration()[pri:0, instance:TestCases.TC001_AccountRegistration@1a451d4d]" name="test_Account_Registration" class="TestCases.TC001_AccountRegistration"/>
      </group> <!-- Regression -->
    </groups>
    <test started-at="2024-04-03T07:48:33 IST" name="qafox tests " finished-at="2024-04-03T07:48:54 IST" duration-ms="20777">
      <class name="TestCases.TC002_Login">
        <test-method is-config="true" signature="setUp(java.lang.String)[pri:0, instance:TestCases.TC002_Login@71809907]" started-at="2024-04-03T07:48:46 IST" name="setUp" finished-at="2024-04-03T07:48:48 IST" duration-ms="2099" status="PASS">
          <params>
            <param index="0">
              <value>
                <![CDATA[chrome]]>
              </value>
            </param>
          </params>
          <reporter-output>
          </reporter-output>
        </test-method> <!-- setUp -->
        <test-method signature="test_login()[pri:0, instance:TestCases.TC002_Login@71809907]" started-at="2024-04-03T07:48:48 IST" name="test_login" finished-at="2024-04-03T07:48:54 IST" duration-ms="5540" status="PASS">
          <reporter-output>
          </reporter-output>
        </test-method> <!-- test_login -->
        <test-method is-config="true" signature="teardown()[pri:0, instance:TestCases.TC002_Login@71809907]" started-at="2024-04-03T07:48:54 IST" name="teardown" finished-at="2024-04-03T07:48:54 IST" duration-ms="227" status="PASS">
          <reporter-output>
          </reporter-output>
        </test-method> <!-- teardown -->
      </class> <!-- TestCases.TC002_Login -->
      <class name="TestCases.TC001_AccountRegistration">
        <test-method is-config="true" signature="setUp(java.lang.String)[pri:0, instance:TestCases.TC001_AccountRegistration@1a451d4d]" started-at="2024-04-03T07:48:33 IST" name="setUp" finished-at="2024-04-03T07:48:39 IST" duration-ms="5882" status="PASS">
          <params>
            <param index="0">
              <value>
                <![CDATA[chrome]]>
              </value>
            </param>
          </params>
          <reporter-output>
          </reporter-output>
        </test-method> <!-- setUp -->
        <test-method signature="test_Account_Registration()[pri:0, instance:TestCases.TC001_AccountRegistration@1a451d4d]" started-at="2024-04-03T07:48:39 IST" name="test_Account_Registration" finished-at="2024-04-03T07:48:46 IST" duration-ms="6638" status="PASS">
          <reporter-output>
          </reporter-output>
        </test-method> <!-- test_Account_Registration -->
        <test-method is-config="true" signature="teardown()[pri:0, instance:TestCases.TC001_AccountRegistration@1a451d4d]" started-at="2024-04-03T07:48:46 IST" name="teardown" finished-at="2024-04-03T07:48:46 IST" duration-ms="266" status="PASS">
          <reporter-output>
          </reporter-output>
        </test-method> <!-- teardown -->
      </class> <!-- TestCases.TC001_AccountRegistration -->
    </test> <!-- qafox tests  -->
  </suite> <!-- qafox Test suite -->
</testng-results>
