<?xml version="1.0" encoding="UTF-8"?>
<testng-results ignored="0" total="2" passed="2" failed="0" skipped="0">
  <reporter-output>
  </reporter-output>
  <suite started-at="2024-04-03T05:59:57 IST" name="qafox Test suite" finished-at="2024-04-03T06:00:18 IST" duration-ms="20456">
    <groups>
      <group name="Master">
        <method signature="TC001_AccountRegistration.test_Account_Registration()[pri:0, instance:TestCases.TC001_AccountRegistration@206a70ef]" name="test_Account_Registration" class="TestCases.TC001_AccountRegistration"/>
        <method signature="TC002_Login.test_login()[pri:0, instance:TestCases.TC002_Login@43bc63a3]" name="test_login" class="TestCases.TC002_Login"/>
      </group> <!-- Master -->
      <group name="Sanity">
        <method signature="TC002_Login.test_login()[pri:0, instance:TestCases.TC002_Login@43bc63a3]" name="test_login" class="TestCases.TC002_Login"/>
      </group> <!-- Sanity -->
      <group name="Regression">
        <method signature="TC001_AccountRegistration.test_Account_Registration()[pri:0, instance:TestCases.TC001_AccountRegistration@206a70ef]" name="test_Account_Registration" class="TestCases.TC001_AccountRegistration"/>
      </group> <!-- Regression -->
    </groups>
    <test started-at="2024-04-03T05:59:57 IST" name="qafox tests " finished-at="2024-04-03T06:00:18 IST" duration-ms="20456">
      <class name="TestCases.TC002_Login">
        <test-method is-config="true" signature="setUp(java.lang.String)[pri:0, instance:TestCases.TC002_Login@43bc63a3]" started-at="2024-04-03T06:00:09 IST" name="setUp" finished-at="2024-04-03T06:00:11 IST" duration-ms="1998" status="PASS">
          <params>
            <param index="0">
              <value>
                <![CDATA[chrome]]>
              </value>
            </param>
          </params>
          <reporter-output>
          </reporter-output>
        </test-method> <!-- setUp -->
        <test-method signature="test_login()[pri:0, instance:TestCases.TC002_Login@43bc63a3]" started-at="2024-04-03T06:00:11 IST" name="test_login" finished-at="2024-04-03T06:00:18 IST" duration-ms="6226" status="PASS">
          <reporter-output>
          </reporter-output>
        </test-method> <!-- test_login -->
      </class> <!-- TestCases.TC002_Login -->
      <class name="TestCases.TC001_AccountRegistration">
        <test-method is-config="true" signature="setUp(java.lang.String)[pri:0, instance:TestCases.TC001_AccountRegistration@206a70ef]" started-at="2024-04-03T05:59:57 IST" name="setUp" finished-at="2024-04-03T06:00:02 IST" duration-ms="5047" status="PASS">
          <params>
            <param index="0">
              <value>
                <![CDATA[chrome]]>
              </value>
            </param>
          </params>
          <reporter-output>
          </reporter-output>
        </test-method> <!-- setUp -->
        <test-method signature="test_Account_Registration()[pri:0, instance:TestCases.TC001_AccountRegistration@206a70ef]" started-at="2024-04-03T06:00:02 IST" name="test_Account_Registration" finished-at="2024-04-03T06:00:09 IST" duration-ms="7084" status="PASS">
          <reporter-output>
          </reporter-output>
        </test-method> <!-- test_Account_Registration -->
      </class> <!-- TestCases.TC001_AccountRegistration -->
    </test> <!-- qafox tests  -->
  </suite> <!-- qafox Test suite -->
</testng-results>
